2021-02-16 09:04:10,367 - root - INFO - Write> *IDN?
2021-02-16 09:04:10,373 - root - INFO - Read < Rohde&Schwarz,FSW-43,1331.5003K43/101797,4.90-20.11.21.900 Beta
2021-02-16 09:04:10,373 - root - INFO - Write> :SENS:FREQ:CENT 1e9
2021-02-16 09:04:10,373 - root - INFO - Write> :INST:CRE:NEW NR5G, "5G NR"
2021-02-16 09:04:10,374 - root - INFO - Write> :INIT:CONT ON
2021-02-16 09:04:10,374 - root - INFO - Write> :MMEM:LOAD:DEM:CC1 "C:\R_S\Instr\user\Demo\5GNR-FR2-Demo\DL-100MHz-120kHz-256QAM.allocation"
2021-02-16 09:04:10,374 - root - INFO - Write> :CONF:NR5G:DL:CC1:PAM1:STAT ON
2021-02-16 09:04:10,374 - root - INFO - Write> :CONF:NR5G:DL:CC1:IDC ON
2021-02-16 09:04:10,374 - root - INFO - Write> :CONF:NR5G:DL:CC1:RFUC:STAT OFF
2021-02-16 09:04:10,377 - root - INFO - Write> :CONF:NR5G:DL:CC1:FRAM1:BWP0:SLOT0:ALL0:CLM LC21
2021-02-16 09:04:10,377 - root - INFO - Write> :CONF:NR5G:DL:CC1:FRAM1:BWP0:SLOT0:ALL0:DMRS:AP 1000, 1001
2021-02-16 09:04:35,261 - root - INFO - Write> *IDN?
2021-02-16 09:04:35,807 - root - INFO - Read < Rohde&Schwarz,FSW-43,1331.5003K43/101797,4.90-20.11.21.900 Beta
2021-02-16 09:04:35,807 - root - INFO - Write> :SENS:FREQ:CENT 1e9
2021-02-16 09:04:35,807 - root - INFO - Write> :INST:CRE:NEW NR5G, "5G NR"
2021-02-16 09:04:35,807 - root - INFO - Write> :INIT:CONT ON
2021-02-16 09:04:35,807 - root - INFO - Write> :MMEM:LOAD:DEM:CC1 "C:\R_S\Instr\user\Demo\5GNR-FR2-Demo\DL-100MHz-120kHz-256QAM.allocation"
2021-02-16 09:04:35,817 - root - INFO - Write> :CONF:NR5G:DL:CC1:PAM1:STAT ON
2021-02-16 09:04:35,817 - root - INFO - Write> :CONF:NR5G:DL:CC1:IDC ON
2021-02-16 09:04:35,817 - root - INFO - Write> :CONF:NR5G:DL:CC1:RFUC:STAT OFF
2021-02-16 09:04:35,817 - root - INFO - Write> :CONF:NR5G:DL:CC1:FRAM1:BWP0:SLOT0:ALL0:CLM LC21
2021-02-16 09:04:35,817 - root - INFO - Write> :CONF:NR5G:DL:CC1:FRAM1:BWP0:SLOT0:ALL0:DMRS:AP 1000, 1001
